This file contains any messages produced by compilers while
running configure, to aid debugging if configure makes a mistake.

It was created by configure, which was
generated by GNU Autoconf 2.71.  Invocation command line was

  $ ./configure --prefix=/opt/devkitpro/portlibs/3ds --host=arm-none-eabi --enable-n3ds --disable-shared --enable-static

## --------- ##
## Platform. ##
## --------- ##

hostname = Devins_Laptop
uname -m = x86_64
uname -r = 3.3.6-341.x86_64
uname -s = MSYS_NT-10.0-22000
uname -v = 2022-09-20 22:07 UTC

/usr/bin/uname -p = unknown
/bin/uname -X     = unknown

/bin/arch              = x86_64
/usr/bin/arch -k       = unknown
/usr/convex/getsysinfo = unknown
/usr/bin/hostinfo      = unknown
/bin/machine           = unknown
/usr/bin/oslevel       = unknown
/bin/universe          = unknown

PATH: /opt/devkitpro/devkitARM/bin/
PATH: /opt/devkitpro/portlibs/3ds/bin/
PATH: /opt/devkitpro/portlibs/armv6k/bin/
PATH: /opt/devkitpro/portlibs/3ds/include/SDL/
PATH: /usr/local/bin/
PATH: /usr/bin/
PATH: /bin/
PATH: /opt/bin/
PATH: /c/Windows/System32/
PATH: /c/Windows/
PATH: /c/Windows/System32/Wbem/
PATH: /c/Windows/System32/WindowsPowerShell/v1.0/
PATH: /usr/bin/site_perl/
PATH: /usr/bin/vendor_perl/
PATH: /usr/bin/core_perl/


## ----------- ##
## Core tests. ##
## ----------- ##

configure:2833: loading site script /etc/config.site
| # This file is in public domain.
| # Original author: Karlson2k (Evgeny Grin)
| # Written for MSys2 to help running 'configure' scripts
| 
| # Defaults for MSys2/MinGW64-targeted programs
| 
| # Set proper selfname on bash and fallback to default name on other shells
| test -n "${BASH_SOURCE}" 2>/dev/null && config_site_me="${BASH_SOURCE[0]##*/}" || config_site_me=config.site
| 
| # Set default 'host' to speedup configure
| if test -z "$build_alias"; then
|   build_alias="${MSYSTEM_CHOST}"  && \
|     ${as_echo-echo} "$config_site_me:${as_lineno-$LINENO}: default build_alias set to $build_alias" >&5
| fi
| 
| # Set default 'prefix'
| if ( test -z "$prefix" || test "x$prefix" = "xNONE" ) && \
|     ( test -z "$exec_prefix" || test "x$exec_prefix" = "xNONE" ); then
|   prefix="${MSYSTEM_PREFIX}" && \
|     ${as_echo-echo} "$config_site_me:${as_lineno-$LINENO}: default prefix set to $prefix" >&5
| fi
config.site:13: default build_alias set to x86_64-pc-msys
configure:3410: looking for aux files: install-sh config.guess config.sub ltmain.sh
configure:3423:  trying ./build-scripts/
configure:3434:   ./build-scripts/install-sh found
configure:3452:   ./build-scripts/config.guess found
configure:3452:   ./build-scripts/config.sub found
configure:3452:   ./build-scripts/ltmain.sh found
configure:3582: checking for arm-none-eabi-gcc
configure:3603: found /opt/devkitpro/devkitARM/bin/arm-none-eabi-gcc
configure:3614: result: arm-none-eabi-gcc
configure:4012: checking for C compiler version
configure:4021: arm-none-eabi-gcc --version >&5
arm-none-eabi-gcc.exe (devkitARM release 58) 12.1.0
Copyright (C) 2022 Free Software Foundation, Inc.
This is free software; see the source for copying conditions.  There is NO
warranty; not even for MERCHANTABILITY or FITNESS FOR A PARTICULAR PURPOSE.

configure:4032: $? = 0
configure:4021: arm-none-eabi-gcc -v >&5
Using built-in specs.
COLLECT_GCC=C:\devkitPro\devkitARM\bin\arm-none-eabi-gcc.exe
COLLECT_LTO_WRAPPER=c:/devkitpro/devkitarm/bin/../libexec/gcc/arm-none-eabi/12.1.0/lto-wrapper.exe
Target: arm-none-eabi
Configured with: ../../gcc-12.1.0/configure --enable-languages=c,c++,objc,lto --with-gnu-as --with-gnu-ld --with-gcc --with-march=armv4t --enable-cxx-flags=-ffunction-sections --disable-libstdcxx-verbose --enable-poison-system-directories --enable-interwork --enable-multilib --enable-threads --disable-win32-registry --disable-nls --disable-debug --disable-libmudflap --disable-libssp --disable-libgomp --disable-libstdcxx-pch --enable-libstdcxx-time=yes --enable-libstdcxx-filesystem-ts --target=arm-none-eabi --with-newlib --with-headers=../../newlib-4.2.0.20211231/newlib/libc/include --prefix=/home/davem/projects/devkitpro/tool-packages/devkitARM/src/build/x86_64-w64-mingw32/devkitARM --enable-lto --disable-tm-clone-registry --disable-__cxa_atexit --with-bugurl=http://wiki.devkitpro.org/index.php/Bug_Reports --with-pkgversion='devkitARM release 58' --build=x86_64-unknown-linux-gnu --host=x86_64-w64-mingw32 --with-gmp=/opt/devkitpro/crosstools/x86_64-w64-mingw32 --with-mpfr=/opt/devkitpro/crosstools/x86_64-w64-mingw32 --with-mpc=/opt/devkitpro/crosstools/x86_64-w64-mingw32 --with-isl=/opt/devkitpro/crosstools/x86_64-w64-mingw32 --with-zstd=/opt/devkitpro/crosstools/x86_64-w64-mingw32
Thread model: single
Supported LTO compression algorithms: zlib zstd
gcc version 12.1.0 (devkitARM release 58) 
configure:4032: $? = 0
configure:4021: arm-none-eabi-gcc -V >&5
arm-none-eabi-gcc.exe: error: unrecognized command-line option '-V'
arm-none-eabi-gcc.exe: fatal error: no input files
compilation terminated.
configure:4032: $? = 1
configure:4021: arm-none-eabi-gcc -qversion >&5
arm-none-eabi-gcc.exe: error: unrecognized command-line option '-qversion'; did you mean '--version'?
arm-none-eabi-gcc.exe: fatal error: no input files
compilation terminated.
configure:4032: $? = 1
configure:4021: arm-none-eabi-gcc -version >&5
arm-none-eabi-gcc.exe: error: unrecognized command-line option '-version'
arm-none-eabi-gcc.exe: fatal error: no input files
compilation terminated.
configure:4032: $? = 1
configure:4052: checking whether the C compiler works
configure:4074: arm-none-eabi-gcc -march=armv6k -mtune=mpcore -mfloat-abi=hard -mtp=soft -O3 -g -mword-relocations -std=gnu++11 -fno-rtti -fno-exceptions -fomit-frame-pointer -ffast-math -ffunction-sections -D_3DS -I/opt/devkitpro/libctru/include -I/opt/devkitpro/portlibs/3ds/include -I/opt/devkitpro/portlibs/armv6k/include  -L/opt/devkitpro/portlibs/3ds/lib -L/opt/devkitpro/portlibs/armv6k/lib -L/opt/devkitpro/portlibs/armv6k/lib -L/opt/devkitpro/libctru/lib  conftest.c  >&5
cc1.exe: warning: command-line option '-std=gnu++11' is valid for C++/ObjC++ but not for C
cc1.exe: warning: command-line option '-fno-rtti' is valid for C++/D/ObjC++ but not for C
c:/devkitpro/devkitarm/bin/../lib/gcc/arm-none-eabi/12.1.0/../../../../arm-none-eabi/bin/ld.exe: warning: cannot find entry symbol _start; defaulting to 0000000000008018
configure:4078: $? = 0
configure:4128: result: yes
configure:4131: checking for C compiler default output file name
configure:4133: result: a.out
configure:4139: checking for suffix of executables
configure:4146: arm-none-eabi-gcc -o conftest -march=armv6k -mtune=mpcore -mfloat-abi=hard -mtp=soft -O3 -g -mword-relocations -std=gnu++11 -fno-rtti -fno-exceptions -fomit-frame-pointer -ffast-math -ffunction-sections -D_3DS -I/opt/devkitpro/libctru/include -I/opt/devkitpro/portlibs/3ds/include -I/opt/devkitpro/portlibs/armv6k/include  -L/opt/devkitpro/portlibs/3ds/lib -L/opt/devkitpro/portlibs/armv6k/lib -L/opt/devkitpro/portlibs/armv6k/lib -L/opt/devkitpro/libctru/lib  conftest.c  >&5
cc1.exe: warning: command-line option '-std=gnu++11' is valid for C++/ObjC++ but not for C
cc1.exe: warning: command-line option '-fno-rtti' is valid for C++/D/ObjC++ but not for C
c:/devkitpro/devkitarm/bin/../lib/gcc/arm-none-eabi/12.1.0/../../../../arm-none-eabi/bin/ld.exe: warning: cannot find entry symbol _start; defaulting to 0000000000008018
configure:4150: $? = 0
configure:4173: result: 
configure:4195: checking whether we are cross compiling
configure:4203: arm-none-eabi-gcc -o conftest -march=armv6k -mtune=mpcore -mfloat-abi=hard -mtp=soft -O3 -g -mword-relocations -std=gnu++11 -fno-rtti -fno-exceptions -fomit-frame-pointer -ffast-math -ffunction-sections -D_3DS -I/opt/devkitpro/libctru/include -I/opt/devkitpro/portlibs/3ds/include -I/opt/devkitpro/portlibs/armv6k/include  -L/opt/devkitpro/portlibs/3ds/lib -L/opt/devkitpro/portlibs/armv6k/lib -L/opt/devkitpro/portlibs/armv6k/lib -L/opt/devkitpro/libctru/lib  conftest.c  >&5
cc1.exe: warning: command-line option '-std=gnu++11' is valid for C++/ObjC++ but not for C
cc1.exe: warning: command-line option '-fno-rtti' is valid for C++/D/ObjC++ but not for C
c:/devkitpro/devkitarm/bin/../lib/gcc/arm-none-eabi/12.1.0/../../../../arm-none-eabi/bin/ld.exe: warning: cannot find entry symbol _start; defaulting to 0000000000008020
configure:4207: $? = 0
configure:4214: ./conftest
./configure: line 4216: ./conftest: cannot execute binary file: Exec format error
configure:4218: $? = 126
configure:4233: result: yes
configure:4238: checking for suffix of object files
configure:4261: arm-none-eabi-gcc -c -march=armv6k -mtune=mpcore -mfloat-abi=hard -mtp=soft -O3 -g -mword-relocations -std=gnu++11 -fno-rtti -fno-exceptions -fomit-frame-pointer -ffast-math -ffunction-sections -D_3DS -I/opt/devkitpro/libctru/include -I/opt/devkitpro/portlibs/3ds/include -I/opt/devkitpro/portlibs/armv6k/include  conftest.c >&5
cc1.exe: warning: command-line option '-std=gnu++11' is valid for C++/ObjC++ but not for C
cc1.exe: warning: command-line option '-fno-rtti' is valid for C++/D/ObjC++ but not for C
configure:4265: $? = 0
configure:4287: result: o
configure:4291: checking whether the compiler supports GNU C
configure:4311: arm-none-eabi-gcc -c -march=armv6k -mtune=mpcore -mfloat-abi=hard -mtp=soft -O3 -g -mword-relocations -std=gnu++11 -fno-rtti -fno-exceptions -fomit-frame-pointer -ffast-math -ffunction-sections -D_3DS -I/opt/devkitpro/libctru/include -I/opt/devkitpro/portlibs/3ds/include -I/opt/devkitpro/portlibs/armv6k/include  conftest.c >&5
cc1.exe: warning: command-line option '-std=gnu++11' is valid for C++/ObjC++ but not for C
cc1.exe: warning: command-line option '-fno-rtti' is valid for C++/D/ObjC++ but not for C
configure:4311: $? = 0
configure:4321: result: yes
configure:4332: checking whether arm-none-eabi-gcc accepts -g
configure:4353: arm-none-eabi-gcc -c -g -I/opt/devkitpro/libctru/include -I/opt/devkitpro/portlibs/3ds/include -I/opt/devkitpro/portlibs/armv6k/include  conftest.c >&5
configure:4353: $? = 0
configure:4397: result: yes
configure:4417: checking for arm-none-eabi-gcc option to enable C11 features
configure:4432: arm-none-eabi-gcc  -c -march=armv6k -mtune=mpcore -mfloat-abi=hard -mtp=soft -O3 -g -mword-relocations -std=gnu++11 -fno-rtti -fno-exceptions -fomit-frame-pointer -ffast-math -ffunction-sections -D_3DS -I/opt/devkitpro/libctru/include -I/opt/devkitpro/portlibs/3ds/include -I/opt/devkitpro/portlibs/armv6k/include  conftest.c >&5
cc1.exe: warning: command-line option '-std=gnu++11' is valid for C++/ObjC++ but not for C
cc1.exe: warning: command-line option '-fno-rtti' is valid for C++/D/ObjC++ but not for C
configure:4432: $? = 0
configure:4450: result: none needed
configure:4565: checking for stdio.h
configure:4565: arm-none-eabi-gcc -c -march=armv6k -mtune=mpcore -mfloat-abi=hard -mtp=soft -O3 -g -mword-relocations -std=gnu++11 -fno-rtti -fno-exceptions -fomit-frame-pointer -ffast-math -ffunction-sections -D_3DS -I/opt/devkitpro/libctru/include -I/opt/devkitpro/portlibs/3ds/include -I/opt/devkitpro/portlibs/armv6k/include  conftest.c >&5
cc1.exe: warning: command-line option '-std=gnu++11' is valid for C++/ObjC++ but not for C
cc1.exe: warning: command-line option '-fno-rtti' is valid for C++/D/ObjC++ but not for C
configure:4565: $? = 0
configure:4565: result: yes
configure:4565: checking for stdlib.h
configure:4565: arm-none-eabi-gcc -c -march=armv6k -mtune=mpcore -mfloat-abi=hard -mtp=soft -O3 -g -mword-relocations -std=gnu++11 -fno-rtti -fno-exceptions -fomit-frame-pointer -ffast-math -ffunction-sections -D_3DS -I/opt/devkitpro/libctru/include -I/opt/devkitpro/portlibs/3ds/include -I/opt/devkitpro/portlibs/armv6k/include  conftest.c >&5
cc1.exe: warning: command-line option '-std=gnu++11' is valid for C++/ObjC++ but not for C
cc1.exe: warning: command-line option '-fno-rtti' is valid for C++/D/ObjC++ but not for C
configure:4565: $? = 0
configure:4565: result: yes
configure:4565: checking for string.h
configure:4565: arm-none-eabi-gcc -c -march=armv6k -mtune=mpcore -mfloat-abi=hard -mtp=soft -O3 -g -mword-relocations -std=gnu++11 -fno-rtti -fno-exceptions -fomit-frame-pointer -ffast-math -ffunction-sections -D_3DS -I/opt/devkitpro/libctru/include -I/opt/devkitpro/portlibs/3ds/include -I/opt/devkitpro/portlibs/armv6k/include  conftest.c >&5
cc1.exe: warning: command-line option '-std=gnu++11' is valid for C++/ObjC++ but not for C
cc1.exe: warning: command-line option '-fno-rtti' is valid for C++/D/ObjC++ but not for C
configure:4565: $? = 0
configure:4565: result: yes
configure:4565: checking for inttypes.h
configure:4565: arm-none-eabi-gcc -c -march=armv6k -mtune=mpcore -mfloat-abi=hard -mtp=soft -O3 -g -mword-relocations -std=gnu++11 -fno-rtti -fno-exceptions -fomit-frame-pointer -ffast-math -ffunction-sections -D_3DS -I/opt/devkitpro/libctru/include -I/opt/devkitpro/portlibs/3ds/include -I/opt/devkitpro/portlibs/armv6k/include  conftest.c >&5
cc1.exe: warning: command-line option '-std=gnu++11' is valid for C++/ObjC++ but not for C
cc1.exe: warning: command-line option '-fno-rtti' is valid for C++/D/ObjC++ but not for C
configure:4565: $? = 0
configure:4565: result: yes
configure:4565: checking for stdint.h
configure:4565: arm-none-eabi-gcc -c -march=armv6k -mtune=mpcore -mfloat-abi=hard -mtp=soft -O3 -g -mword-relocations -std=gnu++11 -fno-rtti -fno-exceptions -fomit-frame-pointer -ffast-math -ffunction-sections -D_3DS -I/opt/devkitpro/libctru/include -I/opt/devkitpro/portlibs/3ds/include -I/opt/devkitpro/portlibs/armv6k/include  conftest.c >&5
cc1.exe: warning: command-line option '-std=gnu++11' is valid for C++/ObjC++ but not for C
cc1.exe: warning: command-line option '-fno-rtti' is valid for C++/D/ObjC++ but not for C
configure:4565: $? = 0
configure:4565: result: yes
configure:4565: checking for strings.h
configure:4565: arm-none-eabi-gcc -c -march=armv6k -mtune=mpcore -mfloat-abi=hard -mtp=soft -O3 -g -mword-relocations -std=gnu++11 -fno-rtti -fno-exceptions -fomit-frame-pointer -ffast-math -ffunction-sections -D_3DS -I/opt/devkitpro/libctru/include -I/opt/devkitpro/portlibs/3ds/include -I/opt/devkitpro/portlibs/armv6k/include  conftest.c >&5
cc1.exe: warning: command-line option '-std=gnu++11' is valid for C++/ObjC++ but not for C
cc1.exe: warning: command-line option '-fno-rtti' is valid for C++/D/ObjC++ but not for C
configure:4565: $? = 0
configure:4565: result: yes
configure:4565: checking for sys/stat.h
configure:4565: arm-none-eabi-gcc -c -march=armv6k -mtune=mpcore -mfloat-abi=hard -mtp=soft -O3 -g -mword-relocations -std=gnu++11 -fno-rtti -fno-exceptions -fomit-frame-pointer -ffast-math -ffunction-sections -D_3DS -I/opt/devkitpro/libctru/include -I/opt/devkitpro/portlibs/3ds/include -I/opt/devkitpro/portlibs/armv6k/include  conftest.c >&5
cc1.exe: warning: command-line option '-std=gnu++11' is valid for C++/ObjC++ but not for C
cc1.exe: warning: command-line option '-fno-rtti' is valid for C++/D/ObjC++ but not for C
configure:4565: $? = 0
configure:4565: result: yes
configure:4565: checking for sys/types.h
configure:4565: arm-none-eabi-gcc -c -march=armv6k -mtune=mpcore -mfloat-abi=hard -mtp=soft -O3 -g -mword-relocations -std=gnu++11 -fno-rtti -fno-exceptions -fomit-frame-pointer -ffast-math -ffunction-sections -D_3DS -I/opt/devkitpro/libctru/include -I/opt/devkitpro/portlibs/3ds/include -I/opt/devkitpro/portlibs/armv6k/include  conftest.c >&5
cc1.exe: warning: command-line option '-std=gnu++11' is valid for C++/ObjC++ but not for C
cc1.exe: warning: command-line option '-fno-rtti' is valid for C++/D/ObjC++ but not for C
configure:4565: $? = 0
configure:4565: result: yes
configure:4565: checking for unistd.h
configure:4565: arm-none-eabi-gcc -c -march=armv6k -mtune=mpcore -mfloat-abi=hard -mtp=soft -O3 -g -mword-relocations -std=gnu++11 -fno-rtti -fno-exceptions -fomit-frame-pointer -ffast-math -ffunction-sections -D_3DS -I/opt/devkitpro/libctru/include -I/opt/devkitpro/portlibs/3ds/include -I/opt/devkitpro/portlibs/armv6k/include  conftest.c >&5
cc1.exe: warning: command-line option '-std=gnu++11' is valid for C++/ObjC++ but not for C
cc1.exe: warning: command-line option '-fno-rtti' is valid for C++/D/ObjC++ but not for C
configure:4565: $? = 0
configure:4565: result: yes
configure:4565: checking for wchar.h
configure:4565: arm-none-eabi-gcc -c -march=armv6k -mtune=mpcore -mfloat-abi=hard -mtp=soft -O3 -g -mword-relocations -std=gnu++11 -fno-rtti -fno-exceptions -fomit-frame-pointer -ffast-math -ffunction-sections -D_3DS -I/opt/devkitpro/libctru/include -I/opt/devkitpro/portlibs/3ds/include -I/opt/devkitpro/portlibs/armv6k/include  conftest.c >&5
cc1.exe: warning: command-line option '-std=gnu++11' is valid for C++/ObjC++ but not for C
cc1.exe: warning: command-line option '-fno-rtti' is valid for C++/D/ObjC++ but not for C
configure:4565: $? = 0
configure:4565: result: yes
configure:4565: checking for minix/config.h
configure:4565: arm-none-eabi-gcc -c -march=armv6k -mtune=mpcore -mfloat-abi=hard -mtp=soft -O3 -g -mword-relocations -std=gnu++11 -fno-rtti -fno-exceptions -fomit-frame-pointer -ffast-math -ffunction-sections -D_3DS -I/opt/devkitpro/libctru/include -I/opt/devkitpro/portlibs/3ds/include -I/opt/devkitpro/portlibs/armv6k/include  conftest.c >&5
cc1.exe: warning: command-line option '-std=gnu++11' is valid for C++/ObjC++ but not for C
cc1.exe: warning: command-line option '-fno-rtti' is valid for C++/D/ObjC++ but not for C
conftest.c:47:10: fatal error: minix/config.h: No such file or directory
   47 | #include <minix/config.h>
      |          ^~~~~~~~~~~~~~~~
compilation terminated.
configure:4565: $? = 1
configure: failed program was:
| /* confdefs.h */
| #define PACKAGE_NAME ""
| #define PACKAGE_TARNAME ""
| #define PACKAGE_VERSION ""
| #define PACKAGE_STRING ""
| #define PACKAGE_BUGREPORT ""
| #define PACKAGE_URL ""
| #define HAVE_STDIO_H 1
| #define HAVE_STDLIB_H 1
| #define HAVE_STRING_H 1
| #define HAVE_INTTYPES_H 1
| #define HAVE_STDINT_H 1
| #define HAVE_STRINGS_H 1
| #define HAVE_SYS_STAT_H 1
| #define HAVE_SYS_TYPES_H 1
| #define HAVE_UNISTD_H 1
| #define HAVE_WCHAR_H 1
| /* end confdefs.h.  */
| #include <stddef.h>
| #ifdef HAVE_STDIO_H
| # include <stdio.h>
| #endif
| #ifdef HAVE_STDLIB_H
| # include <stdlib.h>
| #endif
| #ifdef HAVE_STRING_H
| # include <string.h>
| #endif
| #ifdef HAVE_INTTYPES_H
| # include <inttypes.h>
| #endif
| #ifdef HAVE_STDINT_H
| # include <stdint.h>
| #endif
| #ifdef HAVE_STRINGS_H
| # include <strings.h>
| #endif
| #ifdef HAVE_SYS_TYPES_H
| # include <sys/types.h>
| #endif
| #ifdef HAVE_SYS_STAT_H
| # include <sys/stat.h>
| #endif
| #ifdef HAVE_UNISTD_H
| # include <unistd.h>
| #endif
| #include <minix/config.h>
configure:4565: result: no
configure:4596: checking whether it is safe to define __EXTENSIONS__
configure:4615: arm-none-eabi-gcc -c -march=armv6k -mtune=mpcore -mfloat-abi=hard -mtp=soft -O3 -g -mword-relocations -std=gnu++11 -fno-rtti -fno-exceptions -fomit-frame-pointer -ffast-math -ffunction-sections -D_3DS -I/opt/devkitpro/libctru/include -I/opt/devkitpro/portlibs/3ds/include -I/opt/devkitpro/portlibs/armv6k/include  conftest.c >&5
cc1.exe: warning: command-line option '-std=gnu++11' is valid for C++/ObjC++ but not for C
cc1.exe: warning: command-line option '-fno-rtti' is valid for C++/D/ObjC++ but not for C
configure:4615: $? = 0
configure:4623: result: yes
configure:4626: checking whether _XOPEN_SOURCE should be defined
configure:4648: arm-none-eabi-gcc -c -march=armv6k -mtune=mpcore -mfloat-abi=hard -mtp=soft -O3 -g -mword-relocations -std=gnu++11 -fno-rtti -fno-exceptions -fomit-frame-pointer -ffast-math -ffunction-sections -D_3DS -I/opt/devkitpro/libctru/include -I/opt/devkitpro/portlibs/3ds/include -I/opt/devkitpro/portlibs/armv6k/include  conftest.c >&5
cc1.exe: warning: command-line option '-std=gnu++11' is valid for C++/ObjC++ but not for C
cc1.exe: warning: command-line option '-fno-rtti' is valid for C++/D/ObjC++ but not for C
configure:4648: $? = 0
configure:4675: result: no
configure:4792: checking build system type
configure:4804: error: /bin/sh ./build-scripts/config.sub x86_64-pc-msys failed

## ---------------- ##
## Cache variables. ##
## ---------------- ##

ac_cv_build=
ac_cv_c_compiler_gnu=yes
ac_cv_env_CCC_set=
ac_cv_env_CCC_value=
ac_cv_env_CC_set=
ac_cv_env_CC_value=
ac_cv_env_CFLAGS_set=set
ac_cv_env_CFLAGS_value='-march=armv6k -mtune=mpcore -mfloat-abi=hard -mtp=soft -O3 -g -mword-relocations -std=gnu++11 -fno-rtti -fno-exceptions -fomit-frame-pointer -ffast-math -ffunction-sections -D_3DS'
ac_cv_env_CPPFLAGS_set=set
ac_cv_env_CPPFLAGS_value='-I/opt/devkitpro/libctru/include -I/opt/devkitpro/portlibs/3ds/include -I/opt/devkitpro/portlibs/armv6k/include '
ac_cv_env_CPP_set=
ac_cv_env_CPP_value=
ac_cv_env_CXXCPP_set=
ac_cv_env_CXXCPP_value=
ac_cv_env_CXXFLAGS_set=
ac_cv_env_CXXFLAGS_value=
ac_cv_env_CXX_set=
ac_cv_env_CXX_value=
ac_cv_env_LDFLAGS_set=set
ac_cv_env_LDFLAGS_value='-L/opt/devkitpro/portlibs/3ds/lib -L/opt/devkitpro/portlibs/armv6k/lib -L/opt/devkitpro/portlibs/armv6k/lib -L/opt/devkitpro/libctru/lib '
ac_cv_env_LIBS_set=
ac_cv_env_LIBS_value=
ac_cv_env_XMKMF_set=
ac_cv_env_XMKMF_value=
ac_cv_env_build_alias_set=
ac_cv_env_build_alias_value=
ac_cv_env_host_alias_set=set
ac_cv_env_host_alias_value=arm-none-eabi
ac_cv_env_target_alias_set=
ac_cv_env_target_alias_value=
ac_cv_header_inttypes_h=yes
ac_cv_header_minix_config_h=no
ac_cv_header_stdint_h=yes
ac_cv_header_stdio_h=yes
ac_cv_header_stdlib_h=yes
ac_cv_header_string_h=yes
ac_cv_header_strings_h=yes
ac_cv_header_sys_stat_h=yes
ac_cv_header_sys_types_h=yes
ac_cv_header_unistd_h=yes
ac_cv_header_wchar_h=yes
ac_cv_objext=o
ac_cv_prog_CC=arm-none-eabi-gcc
ac_cv_prog_cc_c11=
ac_cv_prog_cc_g=yes
ac_cv_prog_cc_stdc=
ac_cv_safe_to_define___extensions__=yes
ac_cv_should_define__xopen_source=no

## ----------------- ##
## Output variables. ##
## ----------------- ##

ALLOCA=''
ALSA_CFLAGS=''
ALSA_LIBS=''
AR=''
ARTSCONFIG=''
AS=''
BUILD_CFLAGS=''
BUILD_LDFLAGS=''
CACACONFIG=''
CC='arm-none-eabi-gcc'
CFLAGS='-march=armv6k -mtune=mpcore -mfloat-abi=hard -mtp=soft -O3 -g -mword-relocations -std=gnu++11 -fno-rtti -fno-exceptions -fomit-frame-pointer -ffast-math -ffunction-sections -D_3DS'
CPP=''
CPPFLAGS='-I/opt/devkitpro/libctru/include -I/opt/devkitpro/portlibs/3ds/include -I/opt/devkitpro/portlibs/armv6k/include '
CXX=''
CXXCPP=''
CXXFLAGS=''
DEFS=''
DIRECTFBCONFIG=''
DLLTOOL=''
DSYMUTIL=''
DUMPBIN=''
ECHO_C=''
ECHO_N='-n'
ECHO_T=''
EGREP=''
ENABLE_SHARED_FALSE=''
ENABLE_SHARED_TRUE=''
ENABLE_STATIC_FALSE=''
ENABLE_STATIC_TRUE=''
ESD_CFLAGS=''
ESD_CONFIG=''
ESD_LIBS=''
EXEEXT=''
EXTRA_CFLAGS=''
EXTRA_LDFLAGS=''
FGREP=''
GREP=''
INCLUDE=''
INSTALL_DATA=''
INSTALL_PROGRAM=''
INSTALL_SCRIPT=''
LD=''
LDFLAGS='-L/opt/devkitpro/portlibs/3ds/lib -L/opt/devkitpro/portlibs/armv6k/lib -L/opt/devkitpro/portlibs/armv6k/lib -L/opt/devkitpro/libctru/lib '
LIBOBJS=''
LIBS=''
LIBTOOL=''
LIPO=''
LN_S=''
LTLIBOBJS=''
LT_AGE=''
LT_CURRENT=''
LT_RELEASE=''
LT_REVISION=''
NASM=''
NASMFLAGS=''
NM=''
NMEDIT=''
OBJDUMP=''
OBJECTS=''
OBJEXT='o'
OSMESA_CONFIG=''
OTOOL64=''
OTOOL=''
PACKAGE_BUGREPORT=''
PACKAGE_NAME=''
PACKAGE_STRING=''
PACKAGE_TARNAME=''
PACKAGE_URL=''
PACKAGE_VERSION=''
PATH_SEPARATOR=':'
PKG_CONFIG='/home/Devin/Documents/SDL-3DS-master/arm-none-eabi-pkg-config'
POW_LIB=''
PTH_CONFIG=''
RANLIB=''
SDLMAIN_LDFLAGS=''
SDLMAIN_OBJECTS=''
SDLMAIN_SOURCES=''
SDL_BINARY_AGE='15'
SDL_CFLAGS=''
SDL_INTERFACE_AGE='4'
SDL_LIBS=''
SDL_MAJOR_VERSION='1'
SDL_MICRO_VERSION='15'
SDL_MINOR_VERSION='2'
SDL_RLD_FLAGS=''
SDL_STATIC_LIBS=''
SDL_VERSION='1.2.15'
SED=''
SET_MAKE=''
SHELL='/bin/sh'
SOURCES=''
STRIP=''
WINDRES=''
XMKMF=''
X_CFLAGS=''
X_EXTRA_LIBS=''
X_LIBS=''
X_PRE_LIBS=''
ac_aux_dir='./build-scripts/'
ac_ct_CC=''
ac_ct_CXX=''
ac_ct_DUMPBIN=''
bindir='${exec_prefix}/bin'
build=''
build_alias='x86_64-pc-msys'
build_cpu=''
build_os=''
build_vendor=''
datadir='${datarootdir}'
datarootdir='${prefix}/share'
docdir='${datarootdir}/doc/${PACKAGE}'
dvidir='${docdir}'
exec_prefix='NONE'
host='arm-none-eabi'
host_alias='arm-none-eabi'
host_cpu=''
host_os=''
host_vendor=''
htmldir='${docdir}'
includedir='${prefix}/include'
infodir='${datarootdir}/info'
libdir='${exec_prefix}/lib'
libexecdir='${exec_prefix}/libexec'
localedir='${datarootdir}/locale'
localstatedir='${prefix}/var'
lt_ECHO='echo'
mandir='${datarootdir}/man'
oldincludedir='/usr/include'
pdfdir='${docdir}'
prefix='/opt/devkitpro/portlibs/3ds'
program_transform_name='s,x,x,'
psdir='${docdir}'
runstatedir='${localstatedir}/run'
sbindir='${exec_prefix}/sbin'
sharedstatedir='${prefix}/com'
sysconfdir='${prefix}/etc'
target_alias=''

## ----------- ##
## confdefs.h. ##
## ----------- ##

/* confdefs.h */
#define PACKAGE_NAME ""
#define PACKAGE_TARNAME ""
#define PACKAGE_VERSION ""
#define PACKAGE_STRING ""
#define PACKAGE_BUGREPORT ""
#define PACKAGE_URL ""
#define HAVE_STDIO_H 1
#define HAVE_STDLIB_H 1
#define HAVE_STRING_H 1
#define HAVE_INTTYPES_H 1
#define HAVE_STDINT_H 1
#define HAVE_STRINGS_H 1
#define HAVE_SYS_STAT_H 1
#define HAVE_SYS_TYPES_H 1
#define HAVE_UNISTD_H 1
#define HAVE_WCHAR_H 1
#define STDC_HEADERS 1
#define _ALL_SOURCE 1
#define _DARWIN_C_SOURCE 1
#define _GNU_SOURCE 1
#define _HPUX_ALT_XOPEN_SOCKET_API 1
#define _NETBSD_SOURCE 1
#define _OPENBSD_SOURCE 1
#define _POSIX_PTHREAD_SEMANTICS 1
#define __STDC_WANT_IEC_60559_ATTRIBS_EXT__ 1
#define __STDC_WANT_IEC_60559_BFP_EXT__ 1
#define __STDC_WANT_IEC_60559_DFP_EXT__ 1
#define __STDC_WANT_IEC_60559_FUNCS_EXT__ 1
#define __STDC_WANT_IEC_60559_TYPES_EXT__ 1
#define __STDC_WANT_LIB_EXT2__ 1
#define __STDC_WANT_MATH_SPEC_FUNCS__ 1
#define _TANDEM_SOURCE 1
#define __EXTENSIONS__ 1

configure: exit 1
